<component name="libraryTable">
  <library name="junit-4.13-rc-1-javadoc">
    <CLASSES>
      <root url="jar://$PROJECT_DIR$/UnitJar/junit-4.13-rc-1.jar!/" />
    </CLASSES>
    <JAVADOC>
      <root url="jar://$PROJECT_DIR$/UnitJar/junit-4.13-rc-1-javadoc.jar!/" />
    </JAVADOC>
    <SOURCES />
  </library>
</component>